<?xml version="1.0" encoding="UTF-8"?>
<testsuite xmlns:xsi="http://www.w3.org/2001/XMLSchema-instance" xsi:noNamespaceSchemaLocation="https://maven.apache.org/surefire/maven-surefire-plugin/xsd/surefire-test-report-3.0.xsd" version="3.0" name="com.example.userservice.UserServiceApplicationTests" time="14.362" tests="1" errors="0" skipped="0" failures="0">
  <properties>
[...]
</properties>
  <testcase name="contextLoads" classname="com.example.userservice.UserServiceApplicationTests" time="0.597">
    <system-out><![CDATA[14:53:50.399 [main] INFO org.springframework.test.context.support.AnnotationConfigContextLoaderUtils -- Could not detect default configuration classes for test class [com.example.userservice.UserServiceApplicationTests]: UserServiceApplicationTests does not declare any static, non-private, non-final, nested classes annotated with @Configuration.
14:53:50.494 [main] INFO org.springframework.boot.test.context.SpringBootTestContextBootstrapper -- Found @SpringBootConfiguration com.example.userservice.UserServiceApplication for test class com.example.userservice.UserServiceApplicationTests
14:53:50.709 [main] INFO org.springframework.boot.devtools.restart.RestartApplicationListener -- Restart disabled due to context in which it is running

  .   ____          _            __ _ _
 /\\ / ___'_ __ _ _(_)_ __  __ _ \ \ \ \
( ( )\___ | '_ | '_| | '_ \/ _` | \ \ \ \
 \\/  ___)| |_)| | | | | || (_| |  ) ) ) )
  '  |____| .__|_| |_|_| |_\__, | / / / /
 =========|_|==============|___/=/_/_/_/
 :: Spring Boot ::                (v3.2.2)

2024-02-28T14:53:53.722+09:00  INFO [user-service,,] 27664 --- [user-service] [           main] [                                                 ] c.c.c.ConfigServicePropertySourceLocator : Fetching config from server at : http://localhost:8888
2024-02-28T14:53:54.390+09:00  INFO [user-service,,] 27664 --- [user-service] [           main] [                                                 ] c.c.c.ConfigServicePropertySourceLocator : Located environment: name=user-service, profiles=[default], label=null, version=a02411c5c8543f54c69ad39786d11887cc03a020, state=null
2024-02-28T14:53:54.392+09:00  INFO [user-service,,] 27664 --- [user-service] [           main] [                                                 ] b.c.PropertySourceBootstrapConfiguration : Located property source: [BootstrapPropertySource {name='bootstrapProperties-configClient'}, BootstrapPropertySource {name='bootstrapProperties-https://github.com/Kid-Chang/spring-cloud-config/user-service.yml'}, BootstrapPropertySource {name='bootstrapProperties-https://github.com/Kid-Chang/spring-cloud-config/application.yml'}]
2024-02-28T14:53:54.412+09:00  INFO [user-service,,] 27664 --- [user-service] [           main] [                                                 ] c.e.u.UserServiceApplicationTests        : No active profile set, falling back to 1 default profile: "default"
2024-02-28T14:53:55.408+09:00  INFO [user-service,,] 27664 --- [user-service] [           main] [                                                 ] .s.d.r.c.RepositoryConfigurationDelegate : Bootstrapping Spring Data JPA repositories in DEFAULT mode.
2024-02-28T14:53:55.548+09:00  INFO [user-service,,] 27664 --- [user-service] [           main] [                                                 ] .s.d.r.c.RepositoryConfigurationDelegate : Finished Spring Data repository scanning in 131 ms. Found 1 JPA repository interface.
2024-02-28T14:53:55.966+09:00  INFO [user-service,,] 27664 --- [user-service] [           main] [                                                 ] o.s.cloud.context.scope.GenericScope     : BeanFactory id=ed470fb3-1797-3885-85a8-838a6c9a7c0c
2024-02-28T14:53:56.347+09:00  WARN [user-service,,] 27664 --- [user-service] [           main] [                                                 ] trationDelegate$BeanPostProcessorChecker : Bean 'org.springframework.cloud.client.loadbalancer.LoadBalancerAutoConfiguration$LoadBalancerInterceptorConfig' of type [org.springframework.cloud.client.loadbalancer.LoadBalancerAutoConfiguration$LoadBalancerInterceptorConfig] is not eligible for getting processed by all BeanPostProcessors (for example: not eligible for auto-proxying). The currently created BeanPostProcessor [lbRestClientPostProcessor] is declared through a non-static factory method on that class; consider declaring it as static instead.
2024-02-28T14:53:56.353+09:00  WARN [user-service,,] 27664 --- [user-service] [           main] [                                                 ] trationDelegate$BeanPostProcessorChecker : Bean 'org.springframework.cloud.loadbalancer.config.BlockingLoadBalancerClientAutoConfiguration' of type [org.springframework.cloud.loadbalancer.config.BlockingLoadBalancerClientAutoConfiguration] is not eligible for getting processed by all BeanPostProcessors (for example: not eligible for auto-proxying). Is this bean getting eagerly injected into a currently created BeanPostProcessor [lbRestClientPostProcessor]? Check the corresponding BeanPostProcessor declaration and its dependencies.
2024-02-28T14:53:56.358+09:00  WARN [user-service,,] 27664 --- [user-service] [           main] [                                                 ] trationDelegate$BeanPostProcessorChecker : Bean 'org.springframework.cloud.loadbalancer.config.LoadBalancerAutoConfiguration' of type [org.springframework.cloud.loadbalancer.config.LoadBalancerAutoConfiguration] is not eligible for getting processed by all BeanPostProcessors (for example: not eligible for auto-proxying). Is this bean getting eagerly injected into a currently created BeanPostProcessor [lbRestClientPostProcessor]? Check the corresponding BeanPostProcessor declaration and its dependencies.
2024-02-28T14:53:56.369+09:00  WARN [user-service,,] 27664 --- [user-service] [           main] [                                                 ] trationDelegate$BeanPostProcessorChecker : Bean 'org.springframework.cloud.commons.config.CommonsConfigAutoConfiguration' of type [org.springframework.cloud.commons.config.CommonsConfigAutoConfiguration] is not eligible for getting processed by all BeanPostProcessors (for example: not eligible for auto-proxying). Is this bean getting eagerly injected into a currently created BeanPostProcessor [lbRestClientPostProcessor]? Check the corresponding BeanPostProcessor declaration and its dependencies.
2024-02-28T14:53:56.373+09:00  WARN [user-service,,] 27664 --- [user-service] [           main] [                                                 ] trationDelegate$BeanPostProcessorChecker : Bean 'org.springframework.cloud.client.loadbalancer.LoadBalancerDefaultMappingsProviderAutoConfiguration' of type [org.springframework.cloud.client.loadbalancer.LoadBalancerDefaultMappingsProviderAutoConfiguration] is not eligible for getting processed by all BeanPostProcessors (for example: not eligible for auto-proxying). Is this bean getting eagerly injected into a currently created BeanPostProcessor [lbRestClientPostProcessor]? Check the corresponding BeanPostProcessor declaration and its dependencies.
2024-02-28T14:53:56.375+09:00  WARN [user-service,,] 27664 --- [user-service] [           main] [                                                 ] trationDelegate$BeanPostProcessorChecker : Bean 'loadBalancerClientsDefaultsMappingsProvider' of type [org.springframework.cloud.client.loadbalancer.LoadBalancerDefaultMappingsProviderAutoConfiguration$$Lambda$1064/0x00000161e35e2568] is not eligible for getting processed by all BeanPostProcessors (for example: not eligible for auto-proxying). Is this bean getting eagerly injected into a currently created BeanPostProcessor [lbRestClientPostProcessor]? Check the corresponding BeanPostProcessor declaration and its dependencies.
2024-02-28T14:53:56.380+09:00  WARN [user-service,,] 27664 --- [user-service] [           main] [                                                 ] trationDelegate$BeanPostProcessorChecker : Bean 'defaultsBindHandlerAdvisor' of type [org.springframework.cloud.commons.config.DefaultsBindHandlerAdvisor] is not eligible for getting processed by all BeanPostProcessors (for example: not eligible for auto-proxying). Is this bean getting eagerly injected into a currently created BeanPostProcessor [lbRestClientPostProcessor]? Check the corresponding BeanPostProcessor declaration and its dependencies.
2024-02-28T14:53:56.395+09:00  WARN [user-service,,] 27664 --- [user-service] [           main] [                                                 ] trationDelegate$BeanPostProcessorChecker : Bean 'spring.cloud.loadbalancer-org.springframework.cloud.client.loadbalancer.LoadBalancerClientsProperties' of type [org.springframework.cloud.client.loadbalancer.LoadBalancerClientsProperties] is not eligible for getting processed by all BeanPostProcessors (for example: not eligible for auto-proxying). Is this bean getting eagerly injected into a currently created BeanPostProcessor [lbRestClientPostProcessor]? Check the corresponding BeanPostProcessor declaration and its dependencies.
2024-02-28T14:53:56.404+09:00  WARN [user-service,,] 27664 --- [user-service] [           main] [                                                 ] trationDelegate$BeanPostProcessorChecker : Bean 'default.org.springframework.cloud.loadbalancer.config.LoadBalancerAutoConfiguration.LoadBalancerClientSpecification' of type [org.springframework.cloud.loadbalancer.annotation.LoadBalancerClientSpecification] is not eligible for getting processed by all BeanPostProcessors (for example: not eligible for auto-proxying). Is this bean getting eagerly injected into a currently created BeanPostProcessor [lbRestClientPostProcessor]? Check the corresponding BeanPostProcessor declaration and its dependencies.
2024-02-28T14:53:56.408+09:00  WARN [user-service,,] 27664 --- [user-service] [           main] [                                                 ] trationDelegate$BeanPostProcessorChecker : Bean 'default.org.springframework.cloud.loadbalancer.config.BlockingLoadBalancerClientAutoConfiguration.LoadBalancerClientSpecification' of type [org.springframework.cloud.loadbalancer.annotation.LoadBalancerClientSpecification] is not eligible for getting processed by all BeanPostProcessors (for example: not eligible for auto-proxying). Is this bean getting eagerly injected into a currently created BeanPostProcessor [lbRestClientPostProcessor]? Check the corresponding BeanPostProcessor declaration and its dependencies.
2024-02-28T14:53:56.409+09:00  WARN [user-service,,] 27664 --- [user-service] [           main] [                                                 ] trationDelegate$BeanPostProcessorChecker : Bean 'default.org.springframework.cloud.netflix.eureka.loadbalancer.LoadBalancerEurekaAutoConfiguration.LoadBalancerClientSpecification' of type [org.springframework.cloud.loadbalancer.annotation.LoadBalancerClientSpecification] is not eligible for getting processed by all BeanPostProcessors (for example: not eligible for auto-proxying). Is this bean getting eagerly injected into a currently created BeanPostProcessor [lbRestClientPostProcessor]? Check the corresponding BeanPostProcessor declaration and its dependencies.
2024-02-28T14:53:56.412+09:00  WARN [user-service,,] 27664 --- [user-service] [           main] [                                                 ] trationDelegate$BeanPostProcessorChecker : Bean 'loadBalancerClientFactory' of type [org.springframework.cloud.loadbalancer.support.LoadBalancerClientFactory] is not eligible for getting processed by all BeanPostProcessors (for example: not eligible for auto-proxying). Is this bean getting eagerly injected into a currently created BeanPostProcessor [lbRestClientPostProcessor]? Check the corresponding BeanPostProcessor declaration and its dependencies.
2024-02-28T14:53:56.424+09:00  WARN [user-service,,] 27664 --- [user-service] [           main] [                                                 ] trationDelegate$BeanPostProcessorChecker : Bean 'blockingLoadBalancerClient' of type [org.springframework.cloud.loadbalancer.blocking.client.BlockingLoadBalancerClient] is not eligible for getting processed by all BeanPostProcessors (for example: not eligible for auto-proxying). Is this bean getting eagerly injected into a currently created BeanPostProcessor [lbRestClientPostProcessor]? Check the corresponding BeanPostProcessor declaration and its dependencies.
2024-02-28T14:53:56.432+09:00  WARN [user-service,,] 27664 --- [user-service] [           main] [                                                 ] trationDelegate$BeanPostProcessorChecker : Bean 'loadBalancerServiceInstanceCookieTransformer' of type [org.springframework.cloud.loadbalancer.core.LoadBalancerServiceInstanceCookieTransformer] is not eligible for getting processed by all BeanPostProcessors (for example: not eligible for auto-proxying). Is this bean getting eagerly injected into a currently created BeanPostProcessor [lbRestClientPostProcessor]? Check the corresponding BeanPostProcessor declaration and its dependencies.
2024-02-28T14:53:56.435+09:00  WARN [user-service,,] 27664 --- [user-service] [           main] [                                                 ] trationDelegate$BeanPostProcessorChecker : Bean 'xForwarderHeadersTransformer' of type [org.springframework.cloud.loadbalancer.blocking.XForwardedHeadersTransformer] is not eligible for getting processed by all BeanPostProcessors (for example: not eligible for auto-proxying). Is this bean getting eagerly injected into a currently created BeanPostProcessor [lbRestClientPostProcessor]? Check the corresponding BeanPostProcessor declaration and its dependencies.
2024-02-28T14:53:56.437+09:00  WARN [user-service,,] 27664 --- [user-service] [           main] [                                                 ] trationDelegate$BeanPostProcessorChecker : Bean 'org.springframework.cloud.client.loadbalancer.LoadBalancerAutoConfiguration' of type [org.springframework.cloud.client.loadbalancer.LoadBalancerAutoConfiguration] is not eligible for getting processed by all BeanPostProcessors (for example: not eligible for auto-proxying). Is this bean getting eagerly injected into a currently created BeanPostProcessor [lbRestClientPostProcessor]? Check the corresponding BeanPostProcessor declaration and its dependencies.
2024-02-28T14:53:56.443+09:00  WARN [user-service,,] 27664 --- [user-service] [           main] [                                                 ] trationDelegate$BeanPostProcessorChecker : Bean 'loadBalancerRequestFactory' of type [org.springframework.cloud.client.loadbalancer.LoadBalancerRequestFactory] is not eligible for getting processed by all BeanPostProcessors (for example: not eligible for auto-proxying). Is this bean getting eagerly injected into a currently created BeanPostProcessor [lbRestClientPostProcessor]? Check the corresponding BeanPostProcessor declaration and its dependencies.
2024-02-28T14:53:56.445+09:00  WARN [user-service,,] 27664 --- [user-service] [           main] [                                                 ] trationDelegate$BeanPostProcessorChecker : Bean 'loadBalancerInterceptor' of type [org.springframework.cloud.client.loadbalancer.LoadBalancerInterceptor] is not eligible for getting processed by all BeanPostProcessors (for example: not eligible for auto-proxying). Is this bean getting eagerly injected into a currently created BeanPostProcessor [lbRestClientPostProcessor]? Check the corresponding BeanPostProcessor declaration and its dependencies.
2024-02-28T14:53:56.607+09:00  INFO [user-service,,] 27664 --- [user-service] [           main] [                                                 ] com.zaxxer.hikari.HikariDataSource       : HikariPool-1 - Starting...
2024-02-28T14:53:56.816+09:00  INFO [user-service,,] 27664 --- [user-service] [           main] [                                                 ] com.zaxxer.hikari.pool.HikariPool        : HikariPool-1 - Added connection conn0: url=jdbc:h2:mem:testdb user=SA
2024-02-28T14:53:56.818+09:00  INFO [user-service,,] 27664 --- [user-service] [           main] [                                                 ] com.zaxxer.hikari.HikariDataSource       : HikariPool-1 - Start completed.
2024-02-28T14:53:56.874+09:00  INFO [user-service,,] 27664 --- [user-service] [           main] [                                                 ] o.hibernate.jpa.internal.util.LogHelper  : HHH000204: Processing PersistenceUnitInfo [name: default]
2024-02-28T14:53:56.959+09:00  INFO [user-service,,] 27664 --- [user-service] [           main] [                                                 ] org.hibernate.Version                    : HHH000412: Hibernate ORM core version 6.4.1.Final
2024-02-28T14:53:57.002+09:00  INFO [user-service,,] 27664 --- [user-service] [           main] [                                                 ] o.h.c.internal.RegionFactoryInitiator    : HHH000026: Second-level cache disabled
2024-02-28T14:53:57.331+09:00  INFO [user-service,,] 27664 --- [user-service] [           main] [                                                 ] o.s.o.j.p.SpringPersistenceUnitInfo      : No LoadTimeWeaver setup: ignoring JPA class transformer
2024-02-28T14:53:58.197+09:00  INFO [user-service,,] 27664 --- [user-service] [           main] [                                                 ] o.h.e.t.j.p.i.JtaPlatformInitiator       : HHH000489: No JTA platform available (set 'hibernate.transaction.jta.platform' to enable JTA platform integration)
2024-02-28T14:53:58.234+09:00  INFO [user-service,,] 27664 --- [user-service] [           main] [                                                 ] j.LocalContainerEntityManagerFactoryBean : Initialized JPA EntityManagerFactory for persistence unit 'default'
2024-02-28T14:53:59.106+09:00  WARN [user-service,,] 27664 --- [user-service] [           main] [                                                 ] JpaBaseConfiguration$JpaWebConfiguration : spring.jpa.open-in-view is enabled by default. Therefore, database queries may be performed during view rendering. Explicitly configure spring.jpa.open-in-view to disable this warning
2024-02-28T14:53:59.236+09:00  INFO [user-service,,] 27664 --- [user-service] [           main] [                                                 ] o.s.c.openfeign.FeignClientFactoryBean   : For 'order-service' URL not provided. Will try picking an instance via load-balancing.
2024-02-28T14:54:01.219+09:00  INFO [user-service,,] 27664 --- [user-service] [           main] [                                                 ] o.s.cloud.commons.util.InetUtils         : Cannot determine local hostname
2024-02-28T14:54:01.375+09:00  INFO [user-service,,] 27664 --- [user-service] [           main] [                                                 ] o.s.b.a.e.web.EndpointLinksResolver      : Exposing 5 endpoint(s) beneath base path '/actuator'
2024-02-28T14:54:01.482+09:00  INFO [user-service,,] 27664 --- [user-service] [           main] [                                                 ] o.s.s.web.DefaultSecurityFilterChain     : Will secure any request with [org.springframework.security.web.session.DisableEncodeUrlFilter@7c95440d, org.springframework.security.web.context.request.async.WebAsyncManagerIntegrationFilter@77dd0ac9, org.springframework.security.web.context.SecurityContextHolderFilter@6acec4a1, org.springframework.security.web.header.HeaderWriterFilter@7921eb37, org.springframework.web.filter.CorsFilter@5eea8854, org.springframework.security.web.authentication.logout.LogoutFilter@6c861b25, com.example.userservice.security.AuthenticationFilter@18e69455, org.springframework.security.web.savedrequest.RequestCacheAwareFilter@11f633f, org.springframework.security.web.servletapi.SecurityContextHolderAwareRequestFilter@7a1b4074, org.springframework.security.web.authentication.AnonymousAuthenticationFilter@4e850e68, org.springframework.security.web.session.SessionManagementFilter@7f85482c, org.springframework.security.web.access.ExceptionTranslationFilter@2e44bc38, org.springframework.security.web.access.intercept.AuthorizationFilter@109a5573]
2024-02-28T14:54:02.556+09:00  INFO [user-service,,] 27664 --- [user-service] [           main] [                                                 ] o.s.b.a.h2.H2ConsoleAutoConfiguration    : H2 console available at '/h2-console'. Database available at 'jdbc:h2:mem:testdb'
2024-02-28T14:54:03.740+09:00  INFO [user-service,,] 27664 --- [user-service] [           main] [                                                 ] o.s.cloud.commons.util.InetUtils         : Cannot determine local hostname
2024-02-28T14:54:03.762+09:00  INFO [user-service,,] 27664 --- [user-service] [           main] [                                                 ] DiscoveryClientOptionalArgsConfiguration : Eureka HTTP Client uses RestTemplate.
2024-02-28T14:54:03.814+09:00  WARN [user-service,,] 27664 --- [user-service] [           main] [                                                 ] iguration$LoadBalancerCaffeineWarnLogger : Spring Cloud LoadBalancer is currently working with the default cache. While this cache implementation is useful for development and tests, it's recommended to use Caffeine cache in production.You can switch to using Caffeine cache, by adding it and org.springframework.cache.caffeine.CaffeineCacheManager to the classpath.
2024-02-28T14:54:03.917+09:00  INFO [user-service,,] 27664 --- [user-service] [           main] [                                                 ] c.e.u.UserServiceApplicationTests        : Started UserServiceApplicationTests in 13.228 seconds (process running for 14.392)
]]></system-out>
  </testcase>
</testsuite>